#separator \x09
#set_separator	,
#empty_field	(empty)
#unset_field	-
#path	ocsp
#open	2022-07-17-22-48-44
#fields	ts	id	hashAlgorithm	issuerNameHash	issuerKeyHash	serialNumber	certStatus	revoketime	revokereason	thisUpdate	nextUpdate
#types	time	string	string	string	string	string	string	time	string	time	time
1656434595.211235	FT73Pc42tc5xQh8rvb	sha1	105FA67A80089DB5279F35CE830B43889EA3C70D	0F80611C823161D52F28E78D4638B42CE1C6D9E2	0727B0FE0ECCE7E7CB3FB3868822753B	good	-	-	1656185581.000000	1656787681.000000
1656434595.362667	FvbhmI3ve7oGfI2Id7	sha1	8051060132AD9AC27D5187A0E887FB01620155EE	03DE503556D14CBB66F0A3E21B1BC397B23DD155	02742EAA17CA8E21C717BB1FFCFD0CA0	good	-	-	1656375232.000000	1656980032.000000
1656434599.319669	FV7Z8r3DhbPiz1Tsy7	sha1	A303C0A8887BD479C4278EB5D7587D3C12C04DA4	FF2F7FE106F438F32DED258D98C2FE0EF66CFCFA	7F00231A9F48374AF8874865C6000000231A9F	good	-	-	1656212409.000000	1656558009.000000
1656435372.829552	FvbW044Dms04Q9Xms4	sha1	52FECA108DB4E5AB5268930D27C82FF215E24BB5	00AB91FC216226979AA8791B61419060A96267FD	33003E5DB94A35566B3D77CAB10000003E5DB9	good	-	-	1656195249.000000	1656791409.000000
1656435373.107730	FX4VTw2oleYmZeWcjg	sha1	52FECA108DB4E5AB5268930D27C82FF215E24BB5	00AB91FC216226979AA8791B61419060A96267FD	33003E5DB94A35566B3D77CAB10000003E5DB9	good	-	-	1656195249.000000	1656769602.000000
1656435411.523389	FLMCju3twQKQIofyl7	sha1	C68888133D2295AE3ABEF118877F8A00BA434E3E	0F205DD7A15795DB92CF2BD0C7C27704CE728076	330042AE456C7336BD151021D400000042AE45	good	-	-	1656224013.000000	1656791407.000000
1656435411.798610	FeDMe61D1UIzei2J45	sha1	C68888133D2295AE3ABEF118877F8A00BA434E3E	0F205DD7A15795DB92CF2BD0C7C27704CE728076	330042AE456C7336BD151021D400000042AE45	good	-	-	1656224013.000000	1656791407.000000
1656435414.811281	FHOQph49IPLS3q58Q	sha1	52FECA108DB4E5AB5268930D27C82FF215E24BB5	00AB91FC216226979AA8791B61419060A96267FD	33003E5DB94A35566B3D77CAB10000003E5DB9	good	-	-	1656195249.000000	1656791409.000000
1656435415.199119	F86Bl347kch2ACHJB5	sha1	52FECA108DB4E5AB5268930D27C82FF215E24BB5	00AB91FC216226979AA8791B61419060A96267FD	33003E5DB94A35566B3D77CAB10000003E5DB9	good	-	-	1656195249.000000	1656791409.000000
1656435415.531087	FM6iFO1Y5i3orFpS3	sha1	52FECA108DB4E5AB5268930D27C82FF215E24BB5	00AB91FC216226979AA8791B61419060A96267FD	33003E5DB94A35566B3D77CAB10000003E5DB9	good	-	-	1656195249.000000	1656791409.000000
1656435422.606612	FcNi4a1uM42rht4l95	sha1	48B6A9E21293B3C020B12ACE4E73649A3C67DC9B	DD51D0A23173A973AE8FB4017E5D8C57CB9FF0F7	0F71C8C0B67D41BC5A0CE715334711E3	good	-	-	1655887861.000000	1656489961.000000
1656435425.594730	FZuIdLzijMEgogEC7	sha1	48B6A9E21293B3C020B12ACE4E73649A3C67DC9B	DD51D0A23173A973AE8FB4017E5D8C57CB9FF0F7	0F71C8C0B67D41BC5A0CE715334711E3	good	-	-	1656406261.000000	1657008361.000000
1656435425.823577	FvrIJSw5trFQqUfbh	sha1	48B6A9E21293B3C020B12ACE4E73649A3C67DC9B	DD51D0A23173A973AE8FB4017E5D8C57CB9FF0F7	0F71C8C0B67D41BC5A0CE715334711E3	good	-	-	1655974262.000000	1656576362.000000
1656435426.280607	FsFfec2XIh6tHDRy51	sha1	48B6A9E21293B3C020B12ACE4E73649A3C67DC9B	DD51D0A23173A973AE8FB4017E5D8C57CB9FF0F7	0F71C8C0B67D41BC5A0CE715334711E3	good	-	-	1656233461.000000	1656835561.000000
1656435427.072785	FQl1z63Yly9Q8G8SW5	sha1	521EE36C478119A9CB03FAB74E57E1197AF1818B	B5760C3011CEC792424D4CC75C2CC8A90CE80B64	12002D149CA0DEAE8FBA1DBBB10000002D149C	good	-	-	1656388805.000000	1656734405.000000
1656435427.318465	FjjqIk1iby2ZI9j1ma	sha1	521EE36C478119A9CB03FAB74E57E1197AF1818B	B5760C3011CEC792424D4CC75C2CC8A90CE80B64	12002D149CA0DEAE8FBA1DBBB10000002D149C	good	-	-	1656356401.000000	1656702001.000000
1656435428.806636	FbP3Ya4NsWt7FZQgGd	sha1	105FA67A80089DB5279F35CE830B43889EA3C70D	0F80611C823161D52F28E78D4638B42CE1C6D9E2	0B1D1E05DE08F8862EF71B41DDCC6E4A	good	-	-	1656294661.000000	1656896761.000000
1656435429.079538	FZVppR3PAmYwPcuvwh	sha1	105FA67A80089DB5279F35CE830B43889EA3C70D	0F80611C823161D52F28E78D4638B42CE1C6D9E2	0B1D1E05DE08F8862EF71B41DDCC6E4A	good	-	-	1656294661.000000	1656896761.000000
1656435430.688443	FJ4uj34s1QlGbxSWx8	sha1	3A1979741DCF77D3D6572B57CAFFF6F62B1D5A3A	EE9A2E46F0C2DA3C5CC78CD6A47598DEA8190A65	05D9F39466D6E20190671641A6688500	good	-	-	1656437221.000000	1657039321.000000
1656435430.782382	F9Lg4B2761fGsvPgbf	sha1	105FA67A80089DB5279F35CE830B43889EA3C70D	0F80611C823161D52F28E78D4638B42CE1C6D9E2	0B1D1E05DE08F8862EF71B41DDCC6E4A	good	-	-	1656294661.000000	1656896761.000000
1656435432.152714	F4eJcz1sXwISDEs5bg	sha1	3A1979741DCF77D3D6572B57CAFFF6F62B1D5A3A	EE9A2E46F0C2DA3C5CC78CD6A47598DEA8190A65	05D9F39466D6E20190671641A6688500	good	-	-	1656437221.000000	1657039321.000000
1656435432.372240	FAnSLI3UNtH4xcb7mc	sha1	3A1979741DCF77D3D6572B57CAFFF6F62B1D5A3A	EE9A2E46F0C2DA3C5CC78CD6A47598DEA8190A65	05D9F39466D6E20190671641A6688500	good	-	-	1656437221.000000	1657039321.000000
1656435432.669251	FEeZfd4PknoevzFUEi	sha1	52FECA108DB4E5AB5268930D27C82FF215E24BB5	00AB91FC216226979AA8791B61419060A96267FD	33003E5071A7C8821BCE2719D00000003E5071	good	-	-	1656195249.000000	1656769602.000000
1656435432.921244	FQ15HW2G7NLdBzcTN4	sha1	52FECA108DB4E5AB5268930D27C82FF215E24BB5	00AB91FC216226979AA8791B61419060A96267FD	33003E5071A7C8821BCE2719D00000003E5071	good	-	-	1656281649.000000	1656791409.000000
1656435433.287188	Fl7dFd3PN2PLL73jna	sha1	48B6A9E21293B3C020B12ACE4E73649A3C67DC9B	DD51D0A23173A973AE8FB4017E5D8C57CB9FF0F7	07F174ED1E42D3474F77013BC264C297	good	-	-	1656363062.000000	1656965162.000000
1656435433.534314	FKfH9Q1PiYktX3jvrj	sha1	48B6A9E21293B3C020B12ACE4E73649A3C67DC9B	DD51D0A23173A973AE8FB4017E5D8C57CB9FF0F7	07F174ED1E42D3474F77013BC264C297	good	-	-	1656363062.000000	1656965162.000000
1656435433.867251	FFIwihXzVyk2DDg8j	sha1	3A1979741DCF77D3D6572B57CAFFF6F62B1D5A3A	EE9A2E46F0C2DA3C5CC78CD6A47598DEA8190A65	05D9F39466D6E20190671641A6688500	good	-	-	1656437221.000000	1657039321.000000
1656435434.135314	FCJbB5VCAGdvx7MZj	sha1	3A1979741DCF77D3D6572B57CAFFF6F62B1D5A3A	EE9A2E46F0C2DA3C5CC78CD6A47598DEA8190A65	05D9F39466D6E20190671641A6688500	good	-	-	1656437221.000000	1657039321.000000
1656435437.083245	Fv717L37ho9r7ed6wk	sha1	C68888133D2295AE3ABEF118877F8A00BA434E3E	0F205DD7A15795DB92CF2BD0C7C27704CE728076	33003F1D671858F4C4199778AC0000003F1D67	good	-	-	1656238413.000000	1656791407.000000
1656435437.322279	FzDHmf2Xw1rbgi9hha	sha1	C68888133D2295AE3ABEF118877F8A00BA434E3E	0F205DD7A15795DB92CF2BD0C7C27704CE728076	33003F1D671858F4C4199778AC0000003F1D67	good	-	-	1656310413.000000	1656791407.000000
1656435439.821131	FeKTLq2NJhhg3JKAsl	sha1	48B6A9E21293B3C020B12ACE4E73649A3C67DC9B	DD51D0A23173A973AE8FB4017E5D8C57CB9FF0F7	07F174ED1E42D3474F77013BC264C297	good	-	-	1656363062.000000	1656965162.000000
1656435439.848145	F97b0G2nQo5vRIGeN1	sha1	C68888133D2295AE3ABEF118877F8A00BA434E3E	0F205DD7A15795DB92CF2BD0C7C27704CE728076	33003F1D671858F4C4199778AC0000003F1D67	good	-	-	1656281613.000000	1656791407.000000
1656435440.878052	F6ZF512MltxVPOaXsi	sha1	C68888133D2295AE3ABEF118877F8A00BA434E3E	0F205DD7A15795DB92CF2BD0C7C27704CE728076	33003F1D671858F4C4199778AC0000003F1D67	good	-	-	1656195213.000000	1656769602.000000
1656435441.059455	F9fCc61xUhDuetChF5	sha1	C68888133D2295AE3ABEF118877F8A00BA434E3E	0F205DD7A15795DB92CF2BD0C7C27704CE728076	33003F1D671858F4C4199778AC0000003F1D67	good	-	-	1656195213.000000	1656769602.000000
1656435499.331962	F9eWXU32nzYZ2V7745	sha1	52FECA108DB4E5AB5268930D27C82FF215E24BB5	00AB91FC216226979AA8791B61419060A96267FD	33003752C3FDB8D97FF1DE58050000003752C3	good	-	-	1656195249.000000	1656791409.000000
1656435499.599624	FOLuPL2S1INnF2zSYj	sha1	52FECA108DB4E5AB5268930D27C82FF215E24BB5	00AB91FC216226979AA8791B61419060A96267FD	33003752C3FDB8D97FF1DE58050000003752C3	good	-	-	1656195249.000000	1656791409.000000
1656435499.982678	F1hZpr10S68AVwQYud	sha1	52FECA108DB4E5AB5268930D27C82FF215E24BB5	00AB91FC216226979AA8791B61419060A96267FD	33003752C3FDB8D97FF1DE58050000003752C3	good	-	-	1656195249.000000	1656791409.000000
1656435505.096256	FfjNBX2DgEfQSWMBPe	sha1	52FECA108DB4E5AB5268930D27C82FF215E24BB5	00AB91FC216226979AA8791B61419060A96267FD	33003752C3FDB8D97FF1DE58050000003752C3	good	-	-	1656195249.000000	1656791409.000000
1656435505.099522	FZ08Cq3nhNpxsqrBQg	sha1	52FECA108DB4E5AB5268930D27C82FF215E24BB5	00AB91FC216226979AA8791B61419060A96267FD	33003752C3FDB8D97FF1DE58050000003752C3	good	-	-	1656195249.000000	1656791409.000000
1656435505.263460	FnipXa3kLpIrpWnESg	sha1	52FECA108DB4E5AB5268930D27C82FF215E24BB5	00AB91FC216226979AA8791B61419060A96267FD	33003752C3FDB8D97FF1DE58050000003752C3	good	-	-	1656195249.000000	1656791409.000000
1656435510.025340	FaQWFu4cRLYT05o515	sha1	52FECA108DB4E5AB5268930D27C82FF215E24BB5	00AB91FC216226979AA8791B61419060A96267FD	33003752C3FDB8D97FF1DE58050000003752C3	good	-	-	1656195249.000000	1656791409.000000
1656435510.273392	F1a5MF1YYKdjbPufJg	sha1	52FECA108DB4E5AB5268930D27C82FF215E24BB5	00AB91FC216226979AA8791B61419060A96267FD	33003752C3FDB8D97FF1DE58050000003752C3	good	-	-	1656195249.000000	1656791409.000000
1656435510.494451	F5xmtb2KMVA5GkVrh1	sha1	52FECA108DB4E5AB5268930D27C82FF215E24BB5	00AB91FC216226979AA8791B61419060A96267FD	33003752C3FDB8D97FF1DE58050000003752C3	good	-	-	1656195249.000000	1656791409.000000
1656435515.048258	FYsVyl2agrDSrCLKz	sha1	52FECA108DB4E5AB5268930D27C82FF215E24BB5	00AB91FC216226979AA8791B61419060A96267FD	33003752C3FDB8D97FF1DE58050000003752C3	good	-	-	1656195249.000000	1656791409.000000
1656435515.320122	FwWLdMx8DmuozLpPl	sha1	52FECA108DB4E5AB5268930D27C82FF215E24BB5	00AB91FC216226979AA8791B61419060A96267FD	33003752C3FDB8D97FF1DE58050000003752C3	good	-	-	1656195249.000000	1656791409.000000
1656435516.010147	F6oMYQ2hlTgiVn2iS9	sha1	52FECA108DB4E5AB5268930D27C82FF215E24BB5	00AB91FC216226979AA8791B61419060A96267FD	33003752C3FDB8D97FF1DE58050000003752C3	good	-	-	1656195249.000000	1656791409.000000
1656435521.978897	FtSwTA6xx0kHQkYi	sha1	52FECA108DB4E5AB5268930D27C82FF215E24BB5	00AB91FC216226979AA8791B61419060A96267FD	33003752C3FDB8D97FF1DE58050000003752C3	good	-	-	1656195249.000000	1656791409.000000
1656435522.217835	FgnGI24DScfnEJf9Oc	sha1	52FECA108DB4E5AB5268930D27C82FF215E24BB5	00AB91FC216226979AA8791B61419060A96267FD	33003752C3FDB8D97FF1DE58050000003752C3	good	-	-	1656195249.000000	1656791409.000000
1656435522.481963	FxUUo44wmQhulqe9Re	sha1	52FECA108DB4E5AB5268930D27C82FF215E24BB5	00AB91FC216226979AA8791B61419060A96267FD	33003752C3FDB8D97FF1DE58050000003752C3	good	-	-	1656195249.000000	1656791409.000000
1656435526.976943	FfhSptGkn3xWqMIHa	sha1	52FECA108DB4E5AB5268930D27C82FF215E24BB5	00AB91FC216226979AA8791B61419060A96267FD	33003752C3FDB8D97FF1DE58050000003752C3	good	-	-	1656195249.000000	1656791409.000000
1656435527.349561	FLYxnn2Pu0nh1v6qGa	sha1	52FECA108DB4E5AB5268930D27C82FF215E24BB5	00AB91FC216226979AA8791B61419060A96267FD	33003752C3FDB8D97FF1DE58050000003752C3	good	-	-	1656195249.000000	1656791409.000000
1656435528.038775	FxH9mW2HX8cNLDwhi8	sha1	52FECA108DB4E5AB5268930D27C82FF215E24BB5	00AB91FC216226979AA8791B61419060A96267FD	33003752C3FDB8D97FF1DE58050000003752C3	good	-	-	1656195249.000000	1656791409.000000
1656435533.797359	FWqV1X4kiFCxjf0bg	sha1	48B6A9E21293B3C020B12ACE4E73649A3C67DC9B	DD51D0A23173A973AE8FB4017E5D8C57CB9FF0F7	07F174ED1E42D3474F77013BC264C297	good	-	-	1656363062.000000	1656965162.000000
#close	2022-07-17-22-48-45
