#separator \x09
#set_separator	,
#empty_field	(empty)
#unset_field	-
#path	ocsp
#open	2022-07-06-17-15-56
#fields	ts	id	hashAlgorithm	issuerNameHash	issuerKeyHash	serialNumber	certStatus	revoketime	revokereason	thisUpdate	nextUpdate
#types	time	string	string	string	string	string	string	time	string	time	time
1657142156.724195	FWqVOt4mriakVhbDZg	sha1	E4E395A229D3D4C1C31FF0980C0B4EC0098AABD8	B76BA2EAA8AA848C79EAB4DA0F98B2C59576B9F4	0419F5C4F7510884F29EEE6BC792689F	good	-	-	1657118341.000000	1657720441.000000
1657142156.724368	FPbv924VT5DJtZ2rn1	sha1	E4E395A229D3D4C1C31FF0980C0B4EC0098AABD8	B76BA2EAA8AA848C79EAB4DA0F98B2C59576B9F4	0419F5C4F7510884F29EEE6BC792689F	good	-	-	1657118341.000000	1657720441.000000
1657142171.899610	FMkuom4P8H0LeiMcXl	sha1	48DAC9A0FB2BD32D4FF0DE68D2F567B735F9B3C4	142EB317B75856CBAE500940E61FAF9D8B14C2C6	03951FACC40EDFC95E94E033BE2EEA41A0C6	good	-	-	1657137600.000000	1657742398.000000
1657142172.240741	FxLpX3tH9Q4rM3oj6	sha1	33F5AAC61D66E7055D03173A4D1F3E187138850D	59A4660652A07B95923CA394072796745BF93DD0	05DFDB0F7AD6B036D9633D12AF5793D6	good	-	-	1657128420.000000	1657730520.000000
1657142175.908732	FNaa59vJiL88llby7	sha1	E4E395A229D3D4C1C31FF0980C0B4EC0098AABD8	B76BA2EAA8AA848C79EAB4DA0F98B2C59576B9F4	0E12355E825BCBFB58F34BDD44603195	good	-	-	1657089541.000000	1657691641.000000
1657142176.422080	FqwhttYwPWZDW5urd	sha1	48DAC9A0FB2BD32D4FF0DE68D2F567B735F9B3C4	142EB317B75856CBAE500940E61FAF9D8B14C2C6	038CF298BDD74DF5A8FD750F5F9999954C19	good	-	-	1657004400.000000	1657609198.000000
1657142179.680503	FP6IvC2UfhG8ioypqd	sha1	E4E395A229D3D4C1C31FF0980C0B4EC0098AABD8	B76BA2EAA8AA848C79EAB4DA0F98B2C59576B9F4	0256C9FA9D4177EF773F8DEFC4837851	good	-	-	1657108261.000000	1657710361.000000
1657142179.966476	FlIGo83PGpw2c5KKd2	sha1	105FA67A80089DB5279F35CE830B43889EA3C70D	0F80611C823161D52F28E78D4638B42CE1C6D9E2	0CE6B5FD8FB1B07CD4D54CAEFE4DBF57	good	-	-	1657082701.000000	1657684801.000000
1657142179.981795	FyCLQbYdu9k3f9Kw5	sha1	48DAC9A0FB2BD32D4FF0DE68D2F567B735F9B3C4	142EB317B75856CBAE500940E61FAF9D8B14C2C6	04EE4EB6D2ED1F4B9C563C03BEB5C56B12E6	good	-	-	1657148400.000000	1657753198.000000
1657142179.993501	F48Uwx46L2PFWDA0h9	sha1	105FA67A80089DB5279F35CE830B43889EA3C70D	0F80611C823161D52F28E78D4638B42CE1C6D9E2	0CE6B5FD8FB1B07CD4D54CAEFE4DBF57	good	-	-	1657082701.000000	1657684801.000000
1657142180.015992	FLXaMp3qISfUtZ1MIe	sha1	48DAC9A0FB2BD32D4FF0DE68D2F567B735F9B3C4	142EB317B75856CBAE500940E61FAF9D8B14C2C6	04EE4EB6D2ED1F4B9C563C03BEB5C56B12E6	good	-	-	1657148400.000000	1657753198.000000
1657142180.079896	FeBKxeRTwJnNyPaTe	sha1	48DAC9A0FB2BD32D4FF0DE68D2F567B735F9B3C4	142EB317B75856CBAE500940E61FAF9D8B14C2C6	044644D5BFD590777769F5F64FC3862B1A59	good	-	-	1656957600.000000	1657562398.000000
1657142180.079904	FE1Ypw2FlxbczbS227	sha1	C72E798ADDFF6134B3BAED4742B8BBC6C0240763	8A747FAF85CDEE95CD3D9CD0E24614F371351D27	AA9BF2D957093F7112EFE42B5264036E	good	-	-	1657055729.000000	1657656928.000000
1657142180.085145	F378D1EYZWlmsXjql	sha1	48DAC9A0FB2BD32D4FF0DE68D2F567B735F9B3C4	142EB317B75856CBAE500940E61FAF9D8B14C2C6	044644D5BFD590777769F5F64FC3862B1A59	good	-	-	1656957600.000000	1657562398.000000
1657142231.939277	FySrs4321LwjJZkX1c	sha1	C72E798ADDFF6134B3BAED4742B8BBC6C0240763	8A747FAF85CDEE95CD3D9CD0E24614F371351D27	5FAD75D3DED63D3512B1D4DC18845694	good	-	-	1657124536.000000	1657725735.000000
1657142232.440026	FIoSxO3qxkH8aR30Mg	sha1	C72E798ADDFF6134B3BAED4742B8BBC6C0240763	8A747FAF85CDEE95CD3D9CD0E24614F371351D27	5B06FBCF85BA3B010ACE2E34C353C1E6	good	-	-	1657124855.000000	1657726054.000000
1657142235.003199	FLnco92yXfyOft66Ah	sha1	48DAC9A0FB2BD32D4FF0DE68D2F567B735F9B3C4	142EB317B75856CBAE500940E61FAF9D8B14C2C6	03246AB1DD1046F7D6995818AC1EB8E35A1C	good	-	-	1657044000.000000	1657648798.000000
1657143397.785830	F5aSbefayEfNimuMl	sha1	E4E395A229D3D4C1C31FF0980C0B4EC0098AABD8	B76BA2EAA8AA848C79EAB4DA0F98B2C59576B9F4	033CB395986FDBF58EE582A5EBB373A5	good	-	-	1657113301.000000	1657715401.000000
1657143399.003362	FrAmBy2eFg5hTBDee	sha1	E4E395A229D3D4C1C31FF0980C0B4EC0098AABD8	B76BA2EAA8AA848C79EAB4DA0F98B2C59576B9F4	0E12355E825BCBFB58F34BDD44603195	good	-	-	1657089541.000000	1657691641.000000
